<?xml version="1.0" encoding="UTF-8"?>
<!-- Generated by org.testng.reporters.JUnitReportReporter -->
<testsuite hostname="DESKTOP-G44EP04" failures="0" tests="1" name="test_class.GetTc1" time="5.565" errors="0" timestamp="2023-04-05T20:13:30 IST" skipped="0">
  <testcase classname="test_class.GetTc1" name="orchestrator" time="5.565"/>
  <system-out/>
</testsuite> <!-- test_class.GetTc1 -->
